<?xml version="1.0" encoding="UTF-8"?>
<!-- Generated by org.testng.reporters.JUnitReportReporter -->
<testsuite hostname="DESKTOP-N68GHK8" failures="0" tests="1" name="SeleniumConcepts.ScreenshotTask" time="10.020" errors="0" timestamp="2025-05-19T11:07:56 IST" skipped="0">
  <testcase classname="SeleniumConcepts.ScreenshotTask" name="f" time="10.020"/>
  <system-out/>
</testsuite> <!-- SeleniumConcepts.ScreenshotTask -->
