<?xml version="1.0" encoding="UTF-8"?>
<!-- Generated by org.testng.reporters.JUnitReportReporter -->
<testsuite hostname="DESKTOP-N68GHK8" failures="0" tests="1" name="Tests.HomeTests" time="1.416" errors="0" timestamp="2025-04-03T12:13:13 IST" skipped="0">
  <testcase classname="Tests.HomeTests" name="f" time="1.416"/>
  <system-out/>
</testsuite> <!-- Tests.HomeTests -->
