<?xml version="1.0" encoding="UTF-8"?>
<!-- Generated by org.testng.reporters.JUnitReportReporter -->
<testsuite hostname="DESKTOP-N68GHK8" failures="0" tests="3" name="Tests.NewTest" time="0.065" errors="0" timestamp="2025-03-27T11:57:49 IST" skipped="0">
  <testcase classname="Tests.NewTest" name="tc001" time="0.033"/>
  <system-out/>
  <testcase classname="Tests.NewTest" name="tc002" time="0.023"/>
  <system-out/>
  <testcase classname="Tests.NewTest" name="tc003" time="0.009"/>
  <system-out/>
</testsuite> <!-- Tests.NewTest -->
