<?xml version="1.0" encoding="UTF-8"?>
<!-- Generated by org.testng.reporters.JUnitReportReporter -->
<testsuite hostname="DESKTOP-N68GHK8" failures="0" tests="1" name="SeleniumConcepts.ActionsTask" time="11.324" errors="0" timestamp="2025-04-07T11:59:42 IST" skipped="0">
  <testcase classname="SeleniumConcepts.ActionsTask" name="f" time="11.324"/>
  <system-out/>
</testsuite> <!-- SeleniumConcepts.ActionsTask -->
