<?xml version="1.0" encoding="UTF-8"?>
<!-- Generated by org.testng.reporters.JUnitReportReporter -->
<testsuite hostname="DESKTOP-N68GHK8" failures="0" tests="1" name="SeleniumConcepts.MultipleWindowsClass" time="12.102" errors="0" timestamp="2025-04-04T11:35:14 IST" skipped="0">
  <testcase classname="SeleniumConcepts.MultipleWindowsClass" name="f" time="12.102"/>
  <system-out/>
</testsuite> <!-- SeleniumConcepts.MultipleWindowsClass -->
