<?xml version="1.0" encoding="UTF-8"?>
<!-- Generated by org.testng.reporters.JUnitReportReporter -->
<testsuite hostname="DESKTOP-N68GHK8" failures="0" tests="1" name="SeleniumConcepts.Alerts" time="14.425" errors="0" timestamp="2025-05-16T12:32:59 IST" skipped="0">
  <testcase classname="SeleniumConcepts.Alerts" name="f" time="14.425"/>
  <system-out/>
</testsuite> <!-- SeleniumConcepts.Alerts -->
