<?xml version="1.0" encoding="UTF-8"?>
<!-- Generated by org.testng.reporters.JUnitReportReporter -->
<testsuite hostname="DESKTOP-N68GHK8" failures="0" tests="1" name="SeleniumConcepts.WindowsTask" time="22.111" errors="0" timestamp="2025-04-04T09:54:34 IST" skipped="0">
  <testcase classname="SeleniumConcepts.WindowsTask" name="f" time="22.111"/>
  <system-out/>
</testsuite> <!-- SeleniumConcepts.WindowsTask -->
