<?xml version="1.0" encoding="UTF-8"?>
<!-- Generated by org.testng.reporters.JUnitReportReporter -->
<testsuite hostname="DESKTOP-N68GHK8" failures="0" tests="1" name="SeleniumConcepts.DropDown" time="30.305" errors="0" timestamp="2025-04-05T11:27:59 IST" skipped="0">
  <testcase classname="SeleniumConcepts.DropDown" name="f" time="30.305"/>
  <system-out/>
</testsuite> <!-- SeleniumConcepts.DropDown -->
