<?xml version="1.0" encoding="UTF-8"?>
<!-- Generated by org.testng.reporters.JUnitReportReporter -->
<testsuite hostname="DESKTOP-N68GHK8" failures="0" tests="1" name="SeleniumConcepts.Actionsclass" time="14.166" errors="0" timestamp="2025-04-04T12:02:48 IST" skipped="0">
  <testcase classname="SeleniumConcepts.Actionsclass" name="f" time="14.166"/>
  <system-out/>
</testsuite> <!-- SeleniumConcepts.Actionsclass -->
