<?xml version="1.0" encoding="UTF-8"?>
<!-- Generated by org.testng.reporters.JUnitReportReporter -->
<testsuite hostname="DESKTOP-N68GHK8" failures="0" tests="1" name="SeleniumConcepts.FluentWaitTask" time="6.633" errors="0" timestamp="2025-04-08T11:59:07 IST" skipped="0">
  <testcase classname="SeleniumConcepts.FluentWaitTask" name="f" time="6.633"/>
  <system-out/>
</testsuite> <!-- SeleniumConcepts.FluentWaitTask -->
