<?xml version="1.0" encoding="UTF-8"?>
<!-- Generated by org.testng.reporters.JUnitReportReporter -->
<testsuite hostname="DESKTOP-N68GHK8" failures="0" tests="2" name="Tests.NewTest1" time="0.044" errors="0" timestamp="2025-03-27T12:01:44 IST" skipped="0">
  <testcase classname="Tests.NewTest1" name="tc002" time="0.007"/>
  <system-out/>
  <testcase classname="Tests.NewTest1" name="tc001" time="0.037"/>
  <system-out/>
</testsuite> <!-- Tests.NewTest1 -->
